<?xml version="1.0" encoding="UTF-8"?>
<testsuite xmlns:xsi="http://www.w3.org/2001/XMLSchema-instance" xsi:noNamespaceSchemaLocation="https://maven.apache.org/surefire/maven-surefire-plugin/xsd/surefire-test-report-3.0.xsd" version="3.0" name="com.nhnacademy.hashmap.impl.MyHashMapTest" time="0.042" tests="9" errors="0" skipped="0" failures="0">
  <properties>
    <property name="java.specification.version" value="21"/>
    <property name="sun.jnu.encoding" value="UTF-8"/>
    <property name="java.class.path" value="/Users/kimtaeyun/IdeaProjects/hash-map-exercise/target/test-classes:/Users/kimtaeyun/IdeaProjects/hash-map-exercise/target/classes:/Users/kimtaeyun/.m2/repository/org/junit/platform/junit-platform-launcher/1.10.3/junit-platform-launcher-1.10.3.jar:/Users/kimtaeyun/.m2/repository/org/junit/platform/junit-platform-engine/1.10.3/junit-platform-engine-1.10.3.jar:/Users/kimtaeyun/.m2/repository/org/opentest4j/opentest4j/1.3.0/opentest4j-1.3.0.jar:/Users/kimtaeyun/.m2/repository/org/junit/platform/junit-platform-commons/1.10.3/junit-platform-commons-1.10.3.jar:/Users/kimtaeyun/.m2/repository/org/apiguardian/apiguardian-api/1.1.2/apiguardian-api-1.1.2.jar:/Users/kimtaeyun/.m2/repository/org/junit/jupiter/junit-jupiter-engine/5.10.3/junit-jupiter-engine-5.10.3.jar:/Users/kimtaeyun/.m2/repository/org/junit/jupiter/junit-jupiter-api/5.10.3/junit-jupiter-api-5.10.3.jar:/Users/kimtaeyun/.m2/repository/org/junit/vintage/junit-vintage-engine/5.10.3/junit-vintage-engine-5.10.3.jar:/Users/kimtaeyun/.m2/repository/junit/junit/4.13.2/junit-4.13.2.jar:/Users/kimtaeyun/.m2/repository/org/hamcrest/hamcrest-core/1.3/hamcrest-core-1.3.jar:"/>
    <property name="java.vm.vendor" value="Eclipse Adoptium"/>
    <property name="sun.arch.data.model" value="64"/>
    <property name="java.vendor.url" value="https://adoptium.net/"/>
    <property name="os.name" value="Mac OS X"/>
    <property name="java.vm.specification.version" value="21"/>
    <property name="sun.java.launcher" value="SUN_STANDARD"/>
    <property name="user.country" value="KR"/>
    <property name="sun.boot.library.path" value="/Library/Java/JavaVirtualMachines/temurin-21.jdk/Contents/Home/lib"/>
    <property name="sun.java.command" value="/Users/kimtaeyun/IdeaProjects/hash-map-exercise/target/surefire/surefirebooter-20240913161322226_3.jar /Users/kimtaeyun/IdeaProjects/hash-map-exercise/target/surefire 2024-09-13T16-13-22_166-jvmRun1 surefire-20240913161322226_1tmp surefire_0-20240913161322226_2tmp"/>
    <property name="http.nonProxyHosts" value="local|*.local|169.254/16|*.169.254/16"/>
    <property name="jdk.debug" value="release"/>
    <property name="surefire.test.class.path" value="/Users/kimtaeyun/IdeaProjects/hash-map-exercise/target/test-classes:/Users/kimtaeyun/IdeaProjects/hash-map-exercise/target/classes:/Users/kimtaeyun/.m2/repository/org/junit/platform/junit-platform-launcher/1.10.3/junit-platform-launcher-1.10.3.jar:/Users/kimtaeyun/.m2/repository/org/junit/platform/junit-platform-engine/1.10.3/junit-platform-engine-1.10.3.jar:/Users/kimtaeyun/.m2/repository/org/opentest4j/opentest4j/1.3.0/opentest4j-1.3.0.jar:/Users/kimtaeyun/.m2/repository/org/junit/platform/junit-platform-commons/1.10.3/junit-platform-commons-1.10.3.jar:/Users/kimtaeyun/.m2/repository/org/apiguardian/apiguardian-api/1.1.2/apiguardian-api-1.1.2.jar:/Users/kimtaeyun/.m2/repository/org/junit/jupiter/junit-jupiter-engine/5.10.3/junit-jupiter-engine-5.10.3.jar:/Users/kimtaeyun/.m2/repository/org/junit/jupiter/junit-jupiter-api/5.10.3/junit-jupiter-api-5.10.3.jar:/Users/kimtaeyun/.m2/repository/org/junit/vintage/junit-vintage-engine/5.10.3/junit-vintage-engine-5.10.3.jar:/Users/kimtaeyun/.m2/repository/junit/junit/4.13.2/junit-4.13.2.jar:/Users/kimtaeyun/.m2/repository/org/hamcrest/hamcrest-core/1.3/hamcrest-core-1.3.jar:"/>
    <property name="sun.cpu.endian" value="little"/>
    <property name="user.home" value="/Users/kimtaeyun"/>
    <property name="user.language" value="ko"/>
    <property name="java.specification.vendor" value="Oracle Corporation"/>
    <property name="java.version.date" value="2024-07-16"/>
    <property name="java.home" value="/Library/Java/JavaVirtualMachines/temurin-21.jdk/Contents/Home"/>
    <property name="file.separator" value="/"/>
    <property name="basedir" value="/Users/kimtaeyun/IdeaProjects/hash-map-exercise"/>
    <property name="java.vm.compressedOopsMode" value="Zero based"/>
    <property name="line.separator" value="&#10;"/>
    <property name="java.vm.specification.vendor" value="Oracle Corporation"/>
    <property name="java.specification.name" value="Java Platform API Specification"/>
    <property name="apple.awt.application.name" value="ForkedBooter"/>
    <property name="surefire.real.class.path" value="/Users/kimtaeyun/IdeaProjects/hash-map-exercise/target/surefire/surefirebooter-20240913161322226_3.jar"/>
    <property name="sun.management.compiler" value="HotSpot 64-Bit Tiered Compilers"/>
    <property name="ftp.nonProxyHosts" value="local|*.local|169.254/16|*.169.254/16"/>
    <property name="java.runtime.version" value="21.0.4+7-LTS"/>
    <property name="user.name" value="kimtaeyun"/>
    <property name="stdout.encoding" value="UTF-8"/>
    <property name="path.separator" value=":"/>
    <property name="os.version" value="14.6.1"/>
    <property name="java.runtime.name" value="OpenJDK Runtime Environment"/>
    <property name="file.encoding" value="UTF-8"/>
    <property name="java.vm.name" value="OpenJDK 64-Bit Server VM"/>
    <property name="java.vendor.version" value="Temurin-21.0.4+7"/>
    <property name="localRepository" value="/Users/kimtaeyun/.m2/repository"/>
    <property name="java.vendor.url.bug" value="https://github.com/adoptium/adoptium-support/issues"/>
    <property name="java.io.tmpdir" value="/var/folders/tv/pbdr3dts5ggfyv0gfwpj47880000gn/T/"/>
    <property name="java.version" value="21.0.4"/>
    <property name="user.dir" value="/Users/kimtaeyun/IdeaProjects/hash-map-exercise"/>
    <property name="os.arch" value="aarch64"/>
    <property name="java.vm.specification.name" value="Java Virtual Machine Specification"/>
    <property name="native.encoding" value="UTF-8"/>
    <property name="java.library.path" value="/Users/kimtaeyun/Library/Java/Extensions:/Library/Java/Extensions:/Network/Library/Java/Extensions:/System/Library/Java/Extensions:/usr/lib/java:."/>
    <property name="java.vm.info" value="mixed mode"/>
    <property name="stderr.encoding" value="UTF-8"/>
    <property name="java.vendor" value="Eclipse Adoptium"/>
    <property name="java.vm.version" value="21.0.4+7-LTS"/>
    <property name="sun.io.unicode.encoding" value="UnicodeBig"/>
    <property name="socksNonProxyHosts" value="local|*.local|169.254/16|*.169.254/16"/>
    <property name="java.class.version" value="65.0"/>
  </properties>
  <testcase name="containsValue" classname="com.nhnacademy.hashmap.impl.MyHashMapTest" time="0.016"/>
  <testcase name="remove" classname="com.nhnacademy.hashmap.impl.MyHashMapTest" time="0.001"/>
  <testcase name="put" classname="com.nhnacademy.hashmap.impl.MyHashMapTest" time="0.001"/>
  <testcase name="get1" classname="com.nhnacademy.hashmap.impl.MyHashMapTest" time="0.002"/>
  <testcase name="get2" classname="com.nhnacademy.hashmap.impl.MyHashMapTest" time="0.001"/>
  <testcase name="size" classname="com.nhnacademy.hashmap.impl.MyHashMapTest" time="0.0"/>
  <testcase name="clear" classname="com.nhnacademy.hashmap.impl.MyHashMapTest" time="0.001"/>
  <testcase name="containsKey" classname="com.nhnacademy.hashmap.impl.MyHashMapTest" time="0.001"/>
  <testcase name="isEmpty" classname="com.nhnacademy.hashmap.impl.MyHashMapTest" time="0.001"/>
</testsuite>